<?xml version="1.0" encoding="UTF-8"?>
<!-- Generated by org.testng.reporters.JUnitReportReporter -->
<testsuite hostname="Kannu" failures="0" tests="1" name="com.mymaven.Class1" time="15.928" errors="0" timestamp="2023-12-12T11:10:17 IST" skipped="0">
  <testcase classname="com.mymaven.Class1" name="browserlaunch" time="15.928"/>
  <system-out/>
</testsuite> <!-- com.mymaven.Class1 -->
